d:\研究生\傅里叶叠层\basicdemo\basicdemov4\debug\basicdemo.pch
d:\研究生\傅里叶叠层\basicdemo\basicdemov4\debug\vc142.pdb
d:\研究生\傅里叶叠层\basicdemo\basicdemov4\debug\vc142.idb
d:\研究生\傅里叶叠层\basicdemo\basicdemov4\debug\stdafx.obj
d:\研究生\傅里叶叠层\basicdemo\basicdemov4\debug\basicdemo.obj
d:\研究生\傅里叶叠层\basicdemo\basicdemov4\debug\basicdemodlg.obj
d:\研究生\傅里叶叠层\basicdemo\basicdemov4\debug\mvcamera.obj
d:\研究生\傅里叶叠层\basicdemo\basicdemov4\debug\process.obj
d:\研究生\傅里叶叠层\basicdemo\basicdemov4\debug\basicdemo.ilk
d:\研究生\傅里叶叠层\basicdemo\basicdemov4\debug\basicdemo.exe
d:\研究生\傅里叶叠层\basicdemo\basicdemov4\debug\basicdemo.pdb
d:\研究生\傅里叶叠层\basicdemo\basicdemov4\debug\basicdemo.res
d:\研究生\傅里叶叠层\basicdemo\basicdemov4\debug\basicdemo.tlog\cl.command.1.tlog
d:\研究生\傅里叶叠层\basicdemo\basicdemov4\debug\basicdemo.tlog\cl.read.1.tlog
d:\研究生\傅里叶叠层\basicdemo\basicdemov4\debug\basicdemo.tlog\cl.write.1.tlog
d:\研究生\傅里叶叠层\basicdemo\basicdemov4\debug\basicdemo.tlog\link.command.1.tlog
d:\研究生\傅里叶叠层\basicdemo\basicdemov4\debug\basicdemo.tlog\link.read.1.tlog
d:\研究生\傅里叶叠层\basicdemo\basicdemov4\debug\basicdemo.tlog\link.write.1.tlog
d:\研究生\傅里叶叠层\basicdemo\basicdemov4\debug\basicdemo.tlog\rc.command.1.tlog
d:\研究生\傅里叶叠层\basicdemo\basicdemov4\debug\basicdemo.tlog\rc.read.1.tlog
d:\研究生\傅里叶叠层\basicdemo\basicdemov4\debug\basicdemo.tlog\rc.write.1.tlog
