cl : 命令行 warning D9035: “Gm”选项已否决，并将在将来的版本中移除
  stdafx.cpp
cl : 命令行 warning D9035: “Gm”选项已否决，并将在将来的版本中移除
  process.cpp
D:\研究生\傅里叶叠层\BasicDemo\BasicDemoV4\process.cpp(157,27): warning C4244: “初始化”: 从“double”转换到“float”，可能丢失数据
D:\研究生\傅里叶叠层\BasicDemo\BasicDemoV4\process.cpp(171,79): warning C4244: “参数”: 从“float”转换到“IMC32”，可能丢失数据
  MvCamera.cpp
  BasicDemoDlg.cpp
D:\研究生\傅里叶叠层\BasicDemo\BasicDemoV4\BasicDemoDlg.cpp(1201,9): warning C4101: “i”: 未引用的局部变量
D:\研究生\傅里叶叠层\BasicDemo\BasicDemoV4\BasicDemoDlg.cpp(1202,10): warning C4101: “n”: 未引用的局部变量
D:\研究生\傅里叶叠层\BasicDemo\BasicDemoV4\BasicDemoDlg.cpp(1319,70): warning C4267: “初始化”: 从“size_t”转换到“int”，可能丢失数据
D:\研究生\傅里叶叠层\BasicDemo\BasicDemoV4\BasicDemoDlg.cpp(1354,36): warning C4244: “初始化”: 从“double”转换到“float”，可能丢失数据
D:\研究生\傅里叶叠层\BasicDemo\BasicDemoV4\BasicDemoDlg.cpp(1361,45): warning C4244: “=”: 从“float”转换到“int64_t”，可能丢失数据
D:\研究生\傅里叶叠层\BasicDemo\BasicDemoV4\BasicDemoDlg.cpp(1362,44): warning C4244: “=”: 从“float”转换到“int64_t”，可能丢失数据
D:\研究生\傅里叶叠层\BasicDemo\BasicDemoV4\BasicDemoDlg.cpp(1611,70): warning C4309: “参数”: 截断常量值
  BasicDemo.cpp
  正在生成代码...
BasicDemoDlg.obj : error LNK2019: 无法解析的外部符号 __imp_IMC_MoveAbsolute，函数 "public: void __cdecl CBasicDemoDlg::OnClickedResetLocation(void)" (?OnClickedResetLocation@CBasicDemoDlg@@QEAAXXZ) 中引用了该符号
process.obj : error LNK2001: 无法解析的外部符号 __imp_IMC_MoveAbsolute
BasicDemoDlg.obj : error LNK2019: 无法解析的外部符号 __imp_IMC_FindNetCard，函数 "public: void __cdecl CBasicDemoDlg::OnBnClickedSaveTiffButton(void)" (?OnBnClickedSaveTiffButton@CBasicDemoDlg@@QEAAXXZ) 中引用了该符号
BasicDemoDlg.obj : error LNK2019: 无法解析的外部符号 __imp_IMC_Close，函数 "public: void __cdecl CBasicDemoDlg::OnBnClickedLinesAuxiliaryButton(void)" (?OnBnClickedLinesAuxiliaryButton@CBasicDemoDlg@@QEAAXXZ) 中引用了该符号
BasicDemoDlg.obj : error LNK2019: 无法解析的外部符号 __imp_IMC_SetParam16，函数 "public: void __cdecl CBasicDemoDlg::OnBnClickedButton3(void)" (?OnBnClickedButton3@CBasicDemoDlg@@QEAAXXZ) 中引用了该符号
process.obj : error LNK2001: 无法解析的外部符号 __imp_IMC_SetParam16
BasicDemoDlg.obj : error LNK2019: 无法解析的外部符号 __imp_IMC_SetParam32，函数 "public: void __cdecl CBasicDemoDlg::OnBnClickedButton3(void)" (?OnBnClickedButton3@CBasicDemoDlg@@QEAAXXZ) 中引用了该符号
process.obj : error LNK2001: 无法解析的外部符号 __imp_IMC_SetParam32
BasicDemoDlg.obj : error LNK2019: 无法解析的外部符号 __imp_IMC_GetParam16，函数 "public: void __cdecl CBasicDemoDlg::OnBnClickedSaveTiffButton(void)" (?OnBnClickedSaveTiffButton@CBasicDemoDlg@@QEAAXXZ) 中引用了该符号
process.obj : error LNK2019: 无法解析的外部符号 __imp_IMC_Open，函数 "bool __cdecl TryOpenDevice(void * &,int)" (?TryOpenDevice@@YA_NAEAPEAXH@Z) 中引用了该符号
IMCnet.lib : warning LNK4272: 库计算机类型“x86”与目标计算机类型“x64”冲突
D:\研究生\傅里叶叠层\BasicDemo\BasicDemoV4\x64\Debug\BasicDemo.exe : fatal error LNK1120: 7 个无法解析的外部命令
